<?xml version="1.0" encoding="UTF-8"?>
<!-- Generated by org.testng.reporters.JUnitReportReporter -->
<testsuite hostname="DEDDFK5H2" failures="0" tests="4" name="tests.test_Login_Valid" time="8.218" errors="0" timestamp="19 Feb 2021 19:05:24 GMT" skipped="0">
  <testcase classname="tests.test_Login_Valid" name="validResetPasswordTest" time="1.722"/>
  <testcase classname="tests.test_Login_Valid" name="validResetPasswordTest" time="1.655"/>
  <testcase classname="tests.test_Login_Valid" name="validLoginTest" time="2.595"/>
  <testcase classname="tests.test_Login_Valid" name="validLoginTest" time="2.246"/>
</testsuite> <!-- tests.test_Login_Valid -->
