<?xml version="1.0" encoding="UTF-8"?>
<!-- Generated by org.testng.reporters.JUnitReportReporter -->
<testsuite hostname="DEDDFK5H2" failures="0" tests="1" name="tests.test_Dashboard_AssignLeave" time="5.806" errors="0" timestamp="13 Feb 2021 18:34:06 GMT" skipped="0">
  <testcase classname="tests.test_Dashboard_AssignLeave" name="AssignLeave" time="5.806"/>
</testsuite> <!-- tests.test_Dashboard_AssignLeave -->
