<?xml version="1.0" encoding="UTF-8"?>
<!-- Generated by org.testng.reporters.JUnitReportReporter -->
<testsuite hostname="DEDDFK5H2" failures="0" tests="1" name="tests.test_Dashboard_AssignLeave" time="5.931" errors="0" timestamp="08 Mar 2021 20:41:43 GMT" skipped="0">
  <testcase classname="tests.test_Dashboard_AssignLeave" name="AssignLeave" time="5.931"/>
</testsuite> <!-- tests.test_Dashboard_AssignLeave -->
