<?xml version="1.0" encoding="UTF-8"?>
<!-- Generated by org.testng.reporters.JUnitReportReporter -->
<testsuite hostname="DEDDFK5H2" failures="0" tests="5" name="tests.test_Login_Invalid" time="4.362" errors="0" timestamp="08 Mar 2021 20:41:43 GMT" skipped="0">
  <testcase classname="tests.test_Login_Invalid" name="no_UsernameTest" time="0.530"/>
  <testcase classname="tests.test_Login_Invalid" name="invalid_UsernameTest" time="1.185"/>
  <testcase classname="tests.test_Login_Invalid" name="no_PasswordTest" time="0.459"/>
  <testcase classname="tests.test_Login_Invalid" name="invalid_PasswordTest" time="0.907"/>
  <testcase classname="tests.test_Login_Invalid" name="forgot_PasswordSubmitTest" time="1.281"/>
</testsuite> <!-- tests.test_Login_Invalid -->
