<?xml version="1.0" encoding="UTF-8"?>
<!-- Generated by org.testng.reporters.JUnitReportReporter -->
<testsuite hostname="DEDDFK5H2" failures="0" tests="4" name="tests.test_Login_Valid" time="7.758" errors="0" timestamp="08 Mar 2021 20:43:35 GMT" skipped="0">
  <testcase classname="tests.test_Login_Valid" name="validResetPasswordTest" time="1.278"/>
  <testcase classname="tests.test_Login_Valid" name="validResetPasswordTest" time="1.568"/>
  <testcase classname="tests.test_Login_Valid" name="validLoginTest" time="2.218"/>
  <testcase classname="tests.test_Login_Valid" name="validLoginTest" time="2.694"/>
</testsuite> <!-- tests.test_Login_Valid -->
