<?xml version="1.0" encoding="UTF-8"?>
<!-- Generated by org.testng.reporters.JUnitReportReporter -->
<testsuite hostname="DEDDFK5H2" failures="0" tests="5" name="tests.test_Login_Invalid" time="3.143" errors="0" timestamp="18 Feb 2021 21:29:37 GMT" skipped="0">
  <testcase classname="tests.test_Login_Invalid" name="no_UsernameTest" time="0.360"/>
  <testcase classname="tests.test_Login_Invalid" name="invalid_UsernameTest" time="0.718"/>
  <testcase classname="tests.test_Login_Invalid" name="no_PasswordTest" time="0.224"/>
  <testcase classname="tests.test_Login_Invalid" name="invalid_PasswordTest" time="0.720"/>
  <testcase classname="tests.test_Login_Invalid" name="forgot_PasswordSubmitTest" time="1.121"/>
</testsuite> <!-- tests.test_Login_Invalid -->
