<?xml version="1.0" encoding="UTF-8"?>
<!-- Generated by org.testng.reporters.JUnitReportReporter -->
<testsuite hostname="DEDDFK5H2" failures="0" tests="1" name="tests.test_Dashboard_AssignLeave" time="7.618" errors="0" timestamp="31 Dec 2020 20:04:13 GMT" skipped="0">
  <testcase classname="tests.test_Dashboard_AssignLeave" name="AssignLeave" time="7.618"/>
</testsuite> <!-- tests.test_Dashboard_AssignLeave -->
