<?xml version="1.0" encoding="UTF-8"?>
<!-- Generated by org.testng.reporters.JUnitReportReporter -->
<testsuite hostname="DEDDFK5H2" failures="0" tests="1" name="tests.test_Dashboard_ApplyLeave" time="6.519" errors="0" timestamp="31 Dec 2020 20:54:10 GMT" skipped="0">
  <testcase classname="tests.test_Dashboard_ApplyLeave" name="AssignLeave" time="6.519"/>
</testsuite> <!-- tests.test_Dashboard_ApplyLeave -->
