<?xml version="1.0" encoding="UTF-8"?>
<!-- Generated by org.testng.reporters.JUnitReportReporter -->
<testsuite hostname="DEDDFK5H2" failures="0" tests="2" name="tests.test_Login_Valid" time="5.675" errors="0" timestamp="31 Dec 2020 18:17:13 GMT" skipped="0">
  <testcase classname="tests.test_Login_Valid" name="validResetPasswordTest" time="1.929"/>
  <testcase classname="tests.test_Login_Valid" name="validLoginTest" time="3.746"/>
</testsuite> <!-- tests.test_Login_Valid -->
