<?xml version="1.0" encoding="UTF-8"?>
<!-- Generated by org.testng.reporters.JUnitReportReporter -->
<testsuite hostname="DEDDFK5H2" failures="0" tests="4" name="tests.test_Login_Invalid" time="5.889" errors="0" timestamp="30 Dec 2020 06:05:29 GMT" skipped="0">
  <testcase classname="tests.test_Login_Invalid" name="no_UsernameTest" time="3.534"/>
  <testcase classname="tests.test_Login_Invalid" name="invalid_UsernameTest" time="0.988"/>
  <testcase classname="tests.test_Login_Invalid" name="no_PasswordTest" time="0.409"/>
  <testcase classname="tests.test_Login_Invalid" name="invalid_PasswordTest" time="0.958"/>
</testsuite> <!-- tests.test_Login_Invalid -->
