<?xml version="1.0" encoding="UTF-8"?>
<!-- Generated by org.testng.reporters.JUnitReportReporter -->
<testsuite hostname="DEDDFK5H2" failures="0" tests="6" name="tests.test_Login_Invalid" time="7.960" errors="0" timestamp="31 Dec 2020 18:17:13 GMT" skipped="0">
  <testcase classname="tests.test_Login_Invalid" name="no_UsernameTest" time="3.702"/>
  <testcase classname="tests.test_Login_Invalid" name="invalid_UsernameTest" time="1.157"/>
  <testcase classname="tests.test_Login_Invalid" name="no_PasswordTest" time="0.425"/>
  <testcase classname="tests.test_Login_Invalid" name="invalid_PasswordTest" time="1.007"/>
  <testcase classname="tests.test_Login_Invalid" name="forgot_PasswordSubmitTest" time="1.057"/>
  <testcase classname="tests.test_Login_Invalid" name="forgot_PasswordCancelTest" time="0.612"/>
</testsuite> <!-- tests.test_Login_Invalid -->
